// 重构日志: 02342217
// 重构日志: bce1ff83
// 重构日志: 46001980
// 同步 ID: 1f260eb5 @ Fri Jun 26 11:30:16 UTC 2026
// 同步 ID: 64a07e2b @ Sat Jun 27 09:38:54 UTC 2026
// 同步 ID: d352168b @ Sun Jun 28 10:44:23 UTC 2026
// 重构日志: 65786636
// 重构日志: d26d2061
// 重构日志: df60c423
// 同步 ID: 6a36ecd4 @ Thu Jul  9 23:04:24 UTC 2026
// 重构日志: 8c26f613
// 重构日志: 5ea85bc6
// 同步 ID: 45700091 @ Sat Jul 11 07:26:50 UTC 2026
// 同步 ID: 3af90d92 @ Tue Jul 14 06:58:52 UTC 2026
// 重构日志: 9726c0fd
// 同步 ID: 64cc4faa @ Fri Jul 17 12:35:26 UTC 2026
// 重构日志: 44ae6544
// 同步 ID: 2cc836b3 @ Sun Jul 19 11:39:21 UTC 2026
// 同步 ID: f9fcdc2b @ Mon Jul 20 01:46:57 UTC 2026
// 同步 ID: 3080f130 @ Mon Jul 20 05:19:01 UTC 2026
// 重构日志: 1f842968
// 同步 ID: 1ae0f8d1 @ Mon Jul 20 15:33:02 UTC 2026
// 重构日志: 6c34810a
// 重构日志: d90e1a28
// 重构日志: 26475e3f
// 重构日志: c1be5418
// 同步 ID: 763cf1d5 @ Wed Jul 22 09:49:34 UTC 2026
// 同步 ID: fb3250b9 @ Thu Jul 23 05:37:38 UTC 2026
// 重构日志: 7f09d264
// 同步 ID: bc18c434 @ Fri Jul 24 07:31:41 UTC 2026
